<?xml version="1.0" encoding="UTF-8"?>
<!-- Generated by org.testng.reporters.JUnitReportReporter -->
<testsuite skipped="0" hostname="MCGL-20004608" name="TaskManager.TaskMangerTesting" tests="5" failures="0" timestamp="31 Mar 2021 19:31:05 GMT" time="66.415" errors="0">
  <testcase name="loginToApp" time="14.675" classname="TaskManager.TaskMangerTesting"/>
  <testcase name="deleteTask" time="5.255" classname="TaskManager.TaskMangerTesting"/>
  <testcase name="registerNewUser" time="29.969" classname="TaskManager.TaskMangerTesting"/>
  <testcase name="addTask" time="13.382" classname="TaskManager.TaskMangerTesting"/>
  <testcase name="signoff" time="3.134" classname="TaskManager.TaskMangerTesting"/>
</testsuite> <!-- TaskManager.TaskMangerTesting -->
